XXXXXXXXXXXXXXXXXXXXXXXXXXXXXXXXXXXXXXXXXXXXXXXXXXXXXXXXXXXXXXXXXXXXXXXXXXXXXXXXXXXXXXXXXXXXXXXXXXXXXXXX
The main pipeline script started at 2025-06-30 09:30:02
            ----------------------------------------------

            --------- METADATA OF BRONZE LAYER --------------

            Size of the raw big table : 340611 rows.

            Max date of the raw big table : 2025-06-27.

            Max id of the raw big table : 340611.

            Size of the big table : 299000 rows.

            Max date of the big table : 2025-06-24.

            Max id of the big table : 299000.


            ----------------------------------------------

            --------- METADATA OF SILVER LAYER --------------

            Size of the bronze table : 340611 rows.

            Size of the silver table : 299000 rows.

            Nb of new rows  : 41611.

            Nb of price errors : 5014.

            Nb of date errors : 11.


            ----------------------------------------------

            --------- METADATA OF GOLD LAYER --------------

            Size of the silver table : 340611 rows.

            Max id of the postgresql table before the insertion: 299000.

            Nb of new rows  : 36592.

            Size of the gold table after the insertion: 306812 rows.

            
🎉 All layers executed successfully.